{
  "stats": {
    "suites": 1,
    "tests": 1,
    "passes": 1,
    "pending": 0,
    "failures": 0,
    "start": "2023-02-02T22:18:01.325Z",
    "end": "2023-02-02T22:18:16.719Z",
    "duration": 15394,
    "testsRegistered": 1,
    "passPercent": 100,
    "pendingPercent": 0,
    "other": 0,
    "hasOther": false,
    "skipped": 0,
    "hasSkipped": false
  },
  "results": [
    {
      "uuid": "ba0e20c7-478b-48d4-8cac-092a3bc87e6b",
      "title": "",
      "fullFile": "cypress/integration/Demo1.js",
      "file": "cypress/integration/Demo1.js",
      "beforeHooks": [],
      "afterHooks": [],
      "tests": [],
      "suites": [
        {
          "uuid": "21b1bdd8-fc71-48d3-b549-e110ee495d24",
          "title": "My first test suite",
          "fullFile": "",
          "file": "",
          "beforeHooks": [],
          "afterHooks": [],
          "tests": [
            {
              "title": "My first test case",
              "fullTitle": "My first test suite My first test case",
              "timedOut": null,
              "duration": 13096,
              "state": "passed",
              "speed": "slow",
              "pass": true,
              "fail": false,
              "pending": false,
              "context": null,
              "code": "console.log(\"Open the URL\");\ncy.visit(\"https://nj.ballycasino.stg.pp21.pgt.gamesysgames.com/\");\ncy.get('[data-qa=\"top-menu__button-show-login\"] > .MuiButton-label').click();\ncy.get('[data-qa=\"login-form-step-one__input-username\"]').type(\"spbally02\");\ncy.get('[data-qa=\"login-form-step-one__input-password\"]').type(\"Password1!\");\ncy.get('[data-qa=\"login-form-step-one__button-next\"] > .MuiButton-label').click();\ncy.wait(6000);\ncy.get(\"button.button-icon.overlay-button-close\").click();\n//Validation of slot games click",
              "err": {},
              "uuid": "2a15a14d-b2ee-4562-afea-b8886b3a85ee",
              "parentUUID": "21b1bdd8-fc71-48d3-b549-e110ee495d24",
              "isHook": false,
              "skipped": false
            }
          ],
          "suites": [],
          "passes": [
            "2a15a14d-b2ee-4562-afea-b8886b3a85ee"
          ],
          "failures": [],
          "pending": [],
          "skipped": [],
          "duration": 13096,
          "root": false,
          "rootEmpty": false,
          "_timeout": 2000
        }
      ],
      "passes": [],
      "failures": [],
      "pending": [],
      "skipped": [],
      "duration": 0,
      "root": true,
      "rootEmpty": true,
      "_timeout": 2000
    }
  ],
  "meta": {
    "mocha": {
      "version": "7.0.1"
    },
    "mochawesome": {
      "options": {
        "quiet": false,
        "reportFilename": "report",
        "saveHtml": true,
        "saveJson": true,
        "consoleReporter": "spec",
        "useInlineDiffs": false,
        "code": true
      },
      "version": "7.1.3"
    },
    "marge": {
      "options": {
        "reportDir": "/Users/shruti.panicker/cypress-mochawesome-reporter/cypress-mochawesome-reporter/cypress/reports/",
        "reportFilename": "report",
        "overwrite": true,
        "html": true,
        "json": true,
        "charts": true
      },
      "version": "6.2.0"
    }
  }
}